2024-06-23 21:54:09 - INFO - loading data
2024-06-23 21:54:12 - INFO - loaded 12,159,582 rows
2024-06-23 21:54:12 - INFO - loaded 3 keyword/phrase groups to search for in the data
2024-06-23 21:54:12 - INFO - calculating descriptive stats for `surveil` keyword/phrase patterns
2024-06-23 21:54:38 - INFO - calculating descriptive stats for `help` keyword/phrase patterns
2024-06-23 21:55:24 - INFO - writing keyword results data
2024-06-23 21:55:24 - INFO - done.
2025-02-20 18:41:36 - INFO - loading data
2025-02-20 18:41:39 - INFO - loaded 12,159,582 rows
2025-02-20 18:41:39 - INFO - loaded 3 keyword/phrase groups to search for in the data
2025-02-20 18:41:39 - INFO - calculating descriptive stats for `surveil` keyword/phrase patterns
2025-02-20 18:42:10 - INFO - calculating descriptive stats for `help` keyword/phrase patterns
2025-02-20 18:43:04 - INFO - writing keyword results data
2025-02-20 18:43:04 - INFO - done.
2025-03-11 16:47:38 - INFO - loading data
2025-03-11 16:47:41 - INFO - loaded 12,159,582 rows
2025-03-11 16:47:41 - INFO - loaded 3 keyword/phrase groups to search for in the data
2025-03-11 16:47:41 - INFO - calculating descriptive stats for `surveil` keyword/phrase patterns
2025-03-11 16:48:07 - INFO - calculating descriptive stats for `help` keyword/phrase patterns
2025-03-11 16:48:53 - INFO - writing keyword results data
2025-03-11 16:48:53 - INFO - done.
