2024-06-23 17:18:00 - INFO - loading data
2024-06-23 17:18:05 - INFO - loaded 13,337,638 rows
2024-06-23 17:18:05 - INFO - formatting basic event info fields
2024-06-23 17:18:15 - INFO - formatting `call_date` as DateTime (takes a couple minutes)
2024-06-23 17:19:04 - INFO - formatting `disp_date` as DateTime (takes a couple minutes)
2024-06-23 17:19:52 - INFO - formatting `on_date` as DateTime (takes a couple minutes)
2024-06-23 17:20:38 - INFO - formatting `clear_date` as DateTime (takes a couple minutes)
2024-06-23 17:21:26 - INFO - formatting `close_date` as DateTime (takes a couple minutes)
2024-06-23 17:22:14 - INFO - adding supplementary datetime columns
2024-06-23 17:23:32 - INFO - writing data
2024-06-23 17:23:39 - INFO - done.
2025-03-11 16:40:29 - INFO - loading data
2025-03-11 16:40:33 - INFO - loaded 13,337,638 rows
2025-03-11 16:40:33 - INFO - formatting basic event info fields
2025-03-11 16:40:43 - INFO - formatting `call_date` as DateTime (takes a couple minutes)
2025-03-11 16:41:34 - INFO - formatting `disp_date` as DateTime (takes a couple minutes)
2025-03-11 16:42:26 - INFO - formatting `on_date` as DateTime (takes a couple minutes)
2025-03-11 16:43:16 - INFO - formatting `clear_date` as DateTime (takes a couple minutes)
2025-03-11 16:44:06 - INFO - formatting `close_date` as DateTime (takes a couple minutes)
2025-03-11 16:44:57 - INFO - adding supplementary datetime columns
2025-03-11 16:46:14 - INFO - writing data
2025-03-11 16:46:21 - INFO - done.
